This is TeX, Version 3.14159 (Web2C 7.4.5) (format=latex 2004.4.6)  29 JUN 2005 10:12
**guide
(./guide.tex
LaTeX2e <2001/06/01>
Babel <v3.7h> and hyphenation patterns for american, french, german, ngerman, n
ohyphenation, loaded.
(/usr/share/texmf/tex/latex/base/latex209.def
File: latex209.def 1998/05/13 v0.52 Standard LaTeX file


          Entering LaTeX 2.09 COMPATIBILITY MODE
 *************************************************************
    !!WARNING!!    !!WARNING!!    !!WARNING!!    !!WARNING!!   
 
 This mode attempts to provide an emulation of the LaTeX 2.09
 author environment so that OLD documents can be successfully
 processed. It should NOT be used for NEW documents!
 
 New documents should use Standard LaTeX conventions and start
 with the \documentclass command.
 
 Compatibility mode is UNLIKELY TO WORK with LaTeX 2.09 style
 files that change any internal macros, especially not with
 those that change the FONT SELECTION or OUTPUT ROUTINES.
 
 Therefore such style files MUST BE UPDATED to use
          Current Standard LaTeX: LaTeX2e.
 If you suspect that you may be using such a style file, which
 is probably very, very old by now, then you should attempt to
 get it updated by sending a copy of this error message to the
 author of that file.
 *************************************************************

\footheight=\dimen102
\@maxsep=\dimen103
\@dblmaxsep=\dimen104
\@cla=\count79
\@clb=\count80
\mscount=\count81
(/usr/share/texmf/tex/latex/base/tracefnt.sty
Package: tracefnt 1997/05/29 v3.0j Standard LaTeX package (font tracing)
\tracingfonts=\count82
LaTeX Info: Redefining \selectfont on input line 96.
)
\symbold=\mathgroup4
\symsans=\mathgroup5
\symtypewriter=\mathgroup6
\symitalic=\mathgroup7
\symsmallcaps=\mathgroup8
\symslanted=\mathgroup9
LaTeX Font Info:    Redeclaring math alphabet \mathbf on input line 288.
LaTeX Font Info:    Redeclaring math alphabet \mathsf on input line 289.
LaTeX Font Info:    Redeclaring math alphabet \mathtt on input line 290.
LaTeX Font Info:    Redeclaring math alphabet \mathit on input line 296.
LaTeX Info: Redefining \em on input line 306.

(/usr/share/texmf/tex/latex/base/latexsym.sty
Package: latexsym 1998/08/17 v2.2e Standard LaTeX package (lasy symbols)
\symlasy=\mathgroup10
LaTeX Font Info:    Overwriting symbol font `lasy' in version `bold'
(Font)                  U/lasy/m/n --> U/lasy/b/n on input line 42.
)
LaTeX Font Info:    Redeclaring math delimiter \lgroup on input line 370.
LaTeX Font Info:    Redeclaring math delimiter \rgroup on input line 372.
LaTeX Font Info:    Redeclaring math delimiter \bracevert on input line 374.

(/usr/share/texmf/tex/latex/config/latex209.cfg
File: latex209.cfg 2001/06/05 v1.0 teTeX customized LaTeX 2.09 compatibility mo
de setup
)
(/usr/share/texmf/tex/latex/tools/rawfonts.sty
Package: rawfonts 1994/05/08 Low-level LaTeX 2.09 font compatibility

(/usr/share/texmf/tex/latex/tools/somedefs.sty
Package: somedefs 1994/06/01 Toolkit for optional definitions
)
LaTeX Font Info:    Try loading font information for U+lasy on input line 44.

(/usr/share/texmf/tex/latex/base/ulasy.fd
File: ulasy.fd 1998/08/17 v2.2e LaTeX symbol font definitions
)))
Compatibility mode: loading sislman.sty rather than sislman.cls.
 (./sislman.sty
Document Style `sislman' <2 feb 90>.
\descriptionmargin=\dimen105
\c@part=\count83
\c@chapter=\count84
\c@section=\count85
\c@subsection=\count86
\c@subsubsection=\count87
\c@paragraph=\count88
\c@subparagraph=\count89
\c@figure=\count90
\c@table=\count91
(./titlepage.sty)
\c@@sc=\count92
\c@@scp=\count93
\c@@t=\count94
\@x=\skip41
\@xa=\skip42
\@xb=\skip43
\@y=\skip44
\@ya=\skip45
\@yb=\skip46
\@pt=\box26
) (/usr/share/texmf/tex/latex/ntgclass/a4.sty
Package: a4 1999/03/03 v1.2f A4 based page layout

! Undefined control sequence.
l.41 \ifcase \@ptsize
                     
? 
! Undefined control sequence.
l.49 \ifcase \@ptsize
                     
? 
) (/usr/share/texmf/tex/generic/misc/epsf.tex
This is `epsf.tex' v2.7k <10 July 1997>
\epsffilein=\read1
\epsfframemargin=\dimen106
\epsfframethickness=\dimen107
\epsfrsize=\dimen108
\epsftmp=\dimen109
\epsftsize=\dimen110
\epsfxsize=\dimen111
\epsfysize=\dimen112
\pspoints=\dimen113
\epsfnoopenhelp=\toks14
) (/usr/share/texmf/tex/latex/graphics/graphicx.sty
Package: graphicx 1999/02/16 v1.0f Enhanced LaTeX Graphics (DPC,SPQR)

(/usr/share/texmf/tex/latex/graphics/keyval.sty
Package: keyval 1999/03/16 v1.13 key=value parser (DPC)
\KV@toks@=\toks15
)
(/usr/share/texmf/tex/latex/graphics/graphics.sty
Package: graphics 2001/07/07 v1.0n Standard LaTeX Graphics (DPC,SPQR)

(/usr/share/texmf/tex/latex/graphics/trig.sty
Package: trig 1999/03/16 v1.09 sin cos tan (DPC)
)
(/usr/share/texmf/tex/latex/config/graphics.cfg
File: graphics.cfg 2001/08/31 v1.1 graphics configuration of teTeX/TeXLive
)
Package graphics Info: Driver file: dvips.def on input line 80.

(/usr/share/texmf/tex/latex/graphics/dvips.def
File: dvips.def 1999/02/16 v3.0i Driver-dependant file (DPC,SPQR)
))
\Gin@req@height=\dimen114
\Gin@req@width=\dimen115
)
\@indexfile=\write3
\openout3 = `guide.idx'.


Writing index file guide.idx
(./guide.aux)
\openout1 = `guide.aux'.

LaTeX Font Info:    Checking defaults for OML/cmm/m/it on input line 6.
LaTeX Font Info:    ... okay on input line 6.
LaTeX Font Info:    Checking defaults for T1/cmr/m/n on input line 6.
LaTeX Font Info:    ... okay on input line 6.
LaTeX Font Info:    Checking defaults for OT1/cmr/m/n on input line 6.
LaTeX Font Info:    ... okay on input line 6.
LaTeX Font Info:    Checking defaults for OMS/cmsy/m/n on input line 6.
LaTeX Font Info:    ... okay on input line 6.
LaTeX Font Info:    Checking defaults for OMX/cmex/m/n on input line 6.
LaTeX Font Info:    ... okay on input line 6.
LaTeX Font Info:    Checking defaults for U/cmr/m/n on input line 6.
LaTeX Font Info:    ... okay on input line 6.
 [0

] (./guide.toc
LaTeX Font Info:    External font `cmex10' loaded for size
(Font)              <10.95> on input line 2.
LaTeX Font Info:    External font `cmex10' loaded for size
(Font)              <8> on input line 2.
LaTeX Font Info:    External font `cmex10' loaded for size
(Font)              <6> on input line 2.
 [1

])
\tf@toc=\write4
\openout4 = `guide.toc'.

 [2] (./foreword.tex
Chapter 1.

Underfull \hbox (badness 10000) in paragraph at lines 28--41

 []


Underfull \hbox (badness 10000) in paragraph at lines 28--41

 []


Underfull \hbox (badness 10000) in paragraph at lines 28--41

 []

[1


] [2]) (./chap_intro_abridged.tex [3]
Chapter 2.
[4

] [5] [6] (./sec_spline_curve.tex [7] [8] [9] [10] [11] [12])
(./sec_spline_surface.tex [13] [14] [15]) [16]) (./sample_programs.tex
Chapter 3.

Underfull \hbox (badness 10000) in paragraph at lines 8--12

 []

[17

] [18]
Overfull \hbox (6.11432pt too wide) in paragraph at lines 87--90
\OT1/cmr/m/n/10.95 The pro-gram takes as in-put the files []\OT1/cmtt/m/n/10.95
 example1_curve.g2 \OT1/cmr/m/n/10.95 and []\OT1/cmtt/m/n/10.95 example2_points
.g2\OT1/cmr/m/n/10.95 ,
 []


Overfull \hbox (6.14496pt too wide) has occurred while \output is active
[]\OT1/cmr/m/sl/10.95 3.2.  DESCRIPTION AND COMMENTARIES ON THE SAMPLE PROGRAMS
 \OT1/cmr/m/n/10.95 19
 []

[19] [20]
Overfull \hbox (6.14496pt too wide) has occurred while \output is active
[]\OT1/cmr/m/sl/10.95 3.2.  DESCRIPTION AND COMMENTARIES ON THE SAMPLE PROGRAMS
 \OT1/cmr/m/n/10.95 21
 []

[21] [22]
Overfull \hbox (6.14496pt too wide) has occurred while \output is active
[]\OT1/cmr/m/sl/10.95 3.2.  DESCRIPTION AND COMMENTARIES ON THE SAMPLE PROGRAMS
 \OT1/cmr/m/n/10.95 23
 []

[23]
Overfull \hbox (6.3887pt too wide) in paragraph at lines 238--243
\OT1/cmr/m/n/10.95 and []\OT1/cmtt/m/n/10.95 example10_surf.g2\OT1/cmr/m/n/10.9
5 , re-spec-tively gen-er-ated by the sam-ple pro-grams []\OT1/cmtt/m/n/10.95 e
xample04
 []

[24]
File: raytracing.ps Graphic file (type eps)
 <raytracing.ps>
Underfull \hbox (badness 10000) in paragraph at lines 297--331

 []


LaTeX Warning: `h' float specifier changed to `ht'.


Overfull \hbox (6.14496pt too wide) has occurred while \output is active
[]\OT1/cmr/m/sl/10.95 3.2.  DESCRIPTION AND COMMENTARIES ON THE SAMPLE PROGRAMS
 \OT1/cmr/m/n/10.95 25
 []

[25] [26]) (./viewer.tex
Overfull \hbox (6.14496pt too wide) has occurred while \output is active
[]\OT1/cmr/m/sl/10.95 3.2.  DESCRIPTION AND COMMENTARIES ON THE SAMPLE PROGRAMS
 \OT1/cmr/m/n/10.95 27
 []

[27]
Chapter 4.

Underfull \hbox (badness 10000) in paragraph at lines 4--21

 []

[28

] [29]) (./licensing_information.tex [30]
Appendix A.
LaTeX Font Info:    Try loading font information for OMS+cmr on input line 9.
(/usr/share/texmf/tex/latex/base/omscmr.fd
File: omscmr.fd 1999/05/25 v2.5h Standard LaTeX font definitions
)
LaTeX Font Info:    Font shape `OMS/cmr/m/n' in size <10.95> not available
(Font)              Font shape `OMS/cmsy/m/n' tried instead on input line 9.
 [31

] [32] [33]
Overfull \hbox (0.24632pt too wide) in paragraph at lines 178--181
[]\OT1/cmr/m/n/10.95 Accompany it with the com-plete cor-re-spond-ing machine-r
eadable source
 []

[34] [35] [36]
Underfull \hbox (badness 10000) in paragraph at lines 363--365

 []

[37]
Underfull \hbox (badness 10000) in paragraph at lines 405--407

 []

) [38] (./guide.aux) ) 
Here is how much of TeX's memory you used:
 976 strings out of 95847
 11283 string characters out of 1195963
 80270 words of memory out of 1000001
 3877 multiletter control sequences out of 10000+50000
 23774 words of font info for 88 fonts, out of 500000 for 1000
 14 hyphenation exceptions out of 1000
 27i,7n,23p,302b,318s stack positions out of 1500i,500n,5000p,200000b,5000s

Output written on guide.dvi (41 pages, 144912 bytes).
