
File : crv5.g2 Parameter range: 1 58.13066584009241  Start: 1  Stop: 58.13066584009241
File : srf5.g2 Parameter range u: 24.00056938344309 56.00000000000001  Start: 40  Stop: 40.00000000000001
File : srf5.g2 Parameter range v: 1 58.13066584009241  Start: 1  Stop: 58.13066584009241
 REL_PAR_RES=1e-10

I 1  Cv 1 5.978259105865513 5.713066584009241  Su 3 40 3 1
M1 1 3.489129552932757 40.00000000000001 3.489129552932754 3.108624468950438e-15
2.244564776466378 3.489129552932754 SP 2.798951958354403 2.79895195835487
U1 1 2.798951958354403 6.237139280278388e-13 5 40.00000000000001 3 3.489129552932754
U2M 1 1.899475979177201 40.00000000000001 1.899475979177208 9.739636741317752e-15
U2E 1 2.798951958354403 40.00000000000001 2.798951958354416 1.668735747633571e-14

I 2  Cv 2.798951958354403 5.978259105865513 5.713066584009241  Su 5 40.00000000000001 3 2.798951958354416
M1 1 4.388605532109958 40.00000000000001 4.388605532109954 8.152394204457378e-15
M1 2 5.978259105865513 40.00000000000001 5.978259105865513 7.105427357601002e-15
4.388605532109958 40.00000000000001 SP 5.978259105865519 40.00000000000002
V1 2 5.978259105865519 1.284024646146605e-14 5 40.00000000000001 5 5.978259105865513
V2M 2 4.388605532109961 40.00000000000001 4.388605532109956 8.622652742461589e-15
V2E 2 5.978259105865519 40.00000000000001 5.978259105865513 1.098616031645337e-14

I 3  Cv 5.978259105865519 6.582086006137948 5.713066584009241  Su 5 40.00000000000001 5 5.978259105865513
M1 1 6.280172556001734 40.00000000000001 6.280172556001733 1.008776768038948e-14
M1 2 6.582086006137948 40.00000000000001 6.582086006137948 8.881784197001252e-16
6.280172556001734 40.00000000000001 SP 6.582086006137956 40.00000000000001
V1 2 6.582086006137956 1.069508444366134e-14 5 40.00000000000001 7 6.582086006137948
V2M 2 6.280172556001737 40.00000000000001 6.280172556001732 1.137423353269335e-14
V2E 2 6.582086006137956 40.00000000000001 6.582086006137948 1.004859173557616e-14

I 4  Cv 6.582086006137956 10.97949921655922 5.713066584009241  Su 5 40.00000000000001 7 6.582086006137948
M1 1 8.780792611348588 40.00000000000001 8.780792611348588 1.445849715162569e-14
7.681439308743272 40.00000000000001 SP 7.707801968683452 39.99999999999999
V1 1 7.707801968683452 4.181990706439917e-14 5 40.00000000000001 9 7.707801968683484
V2M 1 7.144943987410704 40.00000000000001 7.144943987410708 1.06581410364015e-14
V2E 1 7.707801968683452 40.00000000000001 7.707801968683484 4.605699701608107e-14

I 5  Cv 7.707801968683452 10.97949921655922 5.713066584009241  Su 5 40.00000000000001 9 7.707801968683484
M1 1 9.343650592621335 40.00000000000001 9.343650592621332 1.06581410364015e-14
M1 2 10.97949921655922 40.00000000000001 10.97949921655922 8.881784197001252e-15
9.343650592621335 40.00000000000001 SP 10.97949921655923 40.00000000000001
V1 2 10.97949921655923 7.32410687763558e-15 5 40.00000000000001 11 10.97949921655922
V2M 2 9.343650592621341 40.00000000000001 9.343650592621344 1.432144669219779e-14
V2E 2 10.97949921655923 40.00000000000001 10.97949921655922 1.080515682314282e-14

I 6  Cv 10.97949921655923 12.18636236352327 5.713066584009241  Su 5 40.00000000000001 11 10.97949921655922
M1 1 11.58293079004125 40.00000000000001 11.58293079004125 8.140289677804162e-15
M1 2 12.18636236352327 40.00000000000001 12.18636236352327 1.004859173557616e-14
11.58293079004125 40.00000000000001 SP 12.18636236352328 40.00000000000001
V1 2 12.18636236352328 1.137423353269335e-14 5 40.00000000000001 13 12.18636236352327
V2M 2 11.58293079004125 40.00000000000001 11.58293079004125 7.105427357601002e-15
V2E 2 12.18636236352328 40.00000000000001 12.18636236352327 1.004859173557616e-14

I 7  Cv 12.18636236352328 16.00741261045848 5.713066584009241  Su 5 40.00000000000001 13 12.18636236352327
M1 1 14.09688748699088 40.00000000000001 14.09688748699089 1.598721155460225e-14
M1 2 16.00741261045848 40.00000000000001 16.00741261045848 1.020439314654103e-14
14.09688748699088 40.00000000000001 SP 14.36823348456108 40.00000000000001
V1 2 14.36823348456108 1.432144669219779e-14 5 40.00000000000001 17 14.36823348456108
V2M 2 13.27729792404218 40.00000000000001 13.27729792404218 3.726117541341095e-14
V2E 2 14.36823348456108 40.00000000000001 14.36823348456108 7.944109290391274e-15

I 8  Cv 14.36823348456108 16.00741261045848 5.713066584009241  Su 5 40.00000000000001 15 14.36823348456108
M1 1 15.18782304750978 40.00000000000001 15.18782304750978 1.341120003543272e-14
M1 2 16.00741261045848 40.00000000000001 16.00741261045848 1.020439314654103e-14
15.18782304750978 40.00000000000001 SP 16.00741261045847 40.00000000000001
V1 2 16.00741261045847 8.140289677804162e-15 5 40.00000000000001 17 16.00741261045848
V2M 2 15.18782304750978 40.00000000000001 15.18782304750978 5.024295867788081e-15
V2E 2 16.00741261045847 40.00000000000001 16.00741261045848 7.944109290391274e-15

I 9  Cv 16.00741261045847 16.00741261045848 5.713066584009241  Su 5 40.00000000000001 17 16.00741261045848
M1 1 16.00741261045848 40.00000000000001 16.00741261045848 7.105427357601002e-15
M1 2 16.00741261045848 40.00000000000001 16.00741261045848 1.020439314654103e-14

I 10  Cv 16.00741261045848 17.83546080192891 5.713066584009241  Su 5 40.00000000000001 17 16.00741261045848
M1 1 16.9214367061937 40.00000000000001 16.92143670619371 1.137423353269335e-14
M1 2 17.83546080192891 40.00000000000001 17.83546080192891 1.137423353269335e-14
16.9214367061937 40.00000000000001 SP 17.8354608019289 40.00000000000001
V1 2 17.8354608019289 1.507288760336424e-14 5 40.00000000000001 19 17.83546080192891
V2M 2 16.92143670619369 40.00000000000001 16.9214367061937 1.475552811121985e-14
V2E 2 17.8354608019289 40.00000000000001 17.83546080192891 8.140289677804162e-15

I 11  Cv 17.8354608019289 17.83546080192891 5.713066584009241  Su 5 40.00000000000001 19 17.83546080192891
M1 1 17.83546080192891 40.00000000000001 17.83546080192891 1.004859173557616e-14
M1 2 17.83546080192891 40.00000000000001 17.83546080192891 1.137423353269335e-14

I 12  Cv 17.83546080192891 21.06441624333781 5.713066584009241  Su 5 40.00000000000001 19 17.83546080192891
M1 1 19.44993852263336 40.00000000000001 19.44993852263336 8.702335715267317e-15
M1 2 21.06441624333781 40.00000000000001 21.06441624333781 1.123466709944544e-14
19.44993852263336 40.00000000000001 SP 21.0168774222418 40.00000000000001
V1 2 21.0168774222418 1.329303737937672e-14 5 40.00000000000001 23 21.01687742224179
V2M 2 19.42616911208535 40.00000000000001 19.42616911208535 5.024295867788081e-15
V2E 2 21.0168774222418 40.00000000000001 21.01687742224179 1.123466709944544e-14

I 13  Cv 21.0168774222418 21.06441624333781 5.713066584009241  Su 5 40.00000000000001 21 21.01687742224179
M1 1 21.0406468327898 40.00000000000001 21.04064683278979 1.588821858078255e-14
M1 2 21.06441624333781 40.00000000000001 21.06441624333781 1.123466709944544e-14
21.0406468327898 40.00000000000001 SP 21.06441624333782 40.00000000000001
V1 2 21.06441624333782 1.628057935560832e-14 5 40.00000000000001 23 21.06441624333781
V2M 2 21.04064683278981 40.00000000000001 21.0406468327898 1.588821858078255e-14
V2E 2 21.06441624333782 40.00000000000001 21.06441624333781 1.004859173557616e-14

I 14  Cv 21.06441624333782 23.51524064185007 5.713066584009241  Su 5 40.00000000000001 23 21.06441624333781
M1 1 22.28982844259394 40.00000000000001 22.28982844259394 2.797409548098461e-14
M1 2 23.51524064185007 40.00000000000001 23.51524064185007 2.610700714580195e-14
22.28982844259394 40.00000000000001 SP 23.51524064185007 40
V1 2 23.51524064185007 2.383232787117382e-14 5 40.00000000000001 25 23.51524064185007
V2M 2 22.28982844259395 40.00000000000001 22.28982844259394 2.658607475875344e-14
V2E 2 23.51524064185007 40.00000000000001 23.51524064185007 2.658607475875344e-14

I 15  Cv 23.51524064185007 26.15021593037305 5.713066584009241  Su 5 40.00000000000001 25 23.51524064185007
M1 1 24.83272828611156 40.00000000000001 24.83272828611157 2.274846706538671e-14
M1 2 26.15021593037305 40.00000000000001 26.15021593037305 1.464821375527116e-14
24.83272828611156 40.00000000000001 SP 26.15021593037304 40
V1 2 26.15021593037304 7.105427357601002e-15 5 40.00000000000001 27 26.15021593037305
V2M 2 24.83272828611156 40.00000000000001 24.83272828611156 1.464821375527116e-14
V2E 2 26.15021593037304 40.00000000000001 26.15021593037305 7.105427357601002e-15

I 16  Cv 26.15021593037304 26.15021593037305 5.713066584009241  Su 5 40.00000000000001 27 26.15021593037305
M1 1 26.15021593037305 40.00000000000001 26.15021593037305 1.280949133595751e-14
M1 2 26.15021593037305 40.00000000000001 26.15021593037305 1.464821375527116e-14

I 17  Cv 26.15021593037305 29.2268469546834 5.713066584009241  Su 5 40.00000000000001 27 26.15021593037305
M1 1 27.68853144252822 40.00000000000001 27.68942046672772 0.001024635586731069

istat = 0  Curve and surface are not coinciding.
