
File : crv4.g2 Parameter range: 0.5 0.8  Start: 0.5  Stop: 0.8
File : srf4.g2 Parameter range u: 0 0.3  Start: 0.06666677374066851  Stop: 0.06666677374066851
File : srf4.g2 Parameter range v: 0.5 1  Start: 0.5  Stop: 0.7500000000000002
 REL_PAR_RES=1e-10

I 1  Cv 0.5 0.8 0.03000000000000001  Su 1 0.06666677374066851 1 0.5
M1 1 0.515 0.06666677374066847 0.5101249999999998 1.00808250674174e-12
M1 2 0.53 0.06666677374066847 0.5204999999999999 1.00802699559053e-12

I 2  Cv 0.53 0.8 0.03000000000000001  Su 1 0.06666677374066847 1 0.5204999999999999
M1 1 0.545 0.06666677374066847 0.5311249999999998 1.00813801789295e-12
M1 2 0.5600000000000001 0.06666677374066846 0.5419999999999999 1.008082506455167e-12

I 3  Cv 0.5600000000000001 0.8 0.03000000000000001  Su 1 0.06666677374066846 1 0.5419999999999999
M1 1 0.5750000000000001 0.06666677374066848 0.5531249999999999 1.008082507219362e-12
M1 2 0.5900000000000001 0.06666677374066848 0.5645 1.00808250674174e-12

I 4  Cv 0.5900000000000001 0.8 0.03000000000000001  Su 1 0.06666677374066848 1 0.5645
M1 1 0.6050000000000001 0.06666677374066848 0.576125 1.00808250674174e-12
M1 2 0.6200000000000001 0.0666667737406685 0.5880000000000001 1.008082506455167e-12

I 5  Cv 0.6200000000000001 0.8 0.03000000000000001  Su 1 0.0666667737406685 1 0.5880000000000001
M1 1 0.6350000000000001 0.06666677374066847 0.600125 1.00808250674174e-12
M1 2 0.6500000000000001 0.06666677374066847 0.6125 1.00808250674174e-12

I 6  Cv 0.6500000000000001 0.8 0.03000000000000001  Su 1 0.06666677374066847 1 0.6125
M1 1 0.6650000000000001 0.06666677374066847 0.6251250000000002 1.00808250674174e-12
M1 2 0.6800000000000002 0.06666677374066847 0.6380000000000001 1.00808250674174e-12

I 7  Cv 0.6800000000000002 0.8 0.03000000000000001  Su 1 0.06666677374066847 1 0.6380000000000001
M1 1 0.6950000000000002 0.06666677374066847 0.6511250000000002 1.00808250674174e-12
M1 2 0.7100000000000002 0.06666677374066847 0.6645000000000002 1.00808250674174e-12

I 8  Cv 0.7100000000000002 0.8 0.03000000000000001  Su 1 0.06666677374066847 1 0.6645000000000002
M1 1 0.7250000000000002 0.06666677374066848 0.6781250000000003 1.008026995303941e-12
M1 2 0.7400000000000002 0.0666667737406685 0.6920000000000003 1.008026995303941e-12

I 9  Cv 0.7400000000000002 0.8 0.03000000000000001  Su 1 0.0666667737406685 1 0.6920000000000003
M1 1 0.7550000000000002 0.06666677374066847 0.7061250000000003 1.008026996068178e-12
M1 2 0.7700000000000002 0.06666677374066848 0.7205000000000004 1.008082506455167e-12

I 10  Cv 0.7700000000000002 0.8 0.03000000000000001  Su 1 0.06666677374066848 1 0.7205000000000004
M1 1 0.7850000000000001 0.06666677374066847 0.7351250000000001 1.008082506455167e-12
M1 2 0.8 0.06666677374066847 0.7500000000000001 1.00808250674174e-12

istat = 1  Curve and surface are coinciding.
