
File : crv5.g2 Parameter range: 1 58.13066584009241  Start: 1  Stop: 58.13066584009241
File : srf6.g2 Parameter range u: 1 58.13066584009241  Start: 1  Stop: 58.13066584009241
File : srf6.g2 Parameter range v: 24.00056938344309 56.00000000000001  Start: 40  Stop: 40.00000000000001
 REL_PAR_RES=1e-10

I 1  Cv 1 5.978259105865513 5.713066584009241  Su 3 1 3 40
M1 1 3.489129552932757 3.489129552932755 40.00000000000001 1.332267629550188e-15
2.244564776466378 3.489129552932755 SP 2.798951959239939 2.798951959240556
V1 1 2.798951959239939 8.267109195375761e-13 3 3.489129552932755 5 40.00000000000001
V2M 1 1.89947597961997 1.899475979619965 40.00000000000001 8.152394204457378e-15
V2E 1 2.798951959239939 2.798951959239951 40.00000000000001 1.280949133595751e-14

I 2  Cv 2.798951959239939 5.978259105865513 5.713066584009241  Su 3 2.798951959239951 5 40.00000000000001
M1 1 4.388605532552726 4.388605532552722 40.00000000000001 1.081427894956548e-14
M1 2 5.978259105865513 5.978259105865513 40.00000000000001 7.105427357601002e-15
4.388605532552726 40.00000000000001 SP 5.978259105865521 40.00000000000002
U1 2 5.978259105865521 1.137423353269335e-14 5 5.978259105865513 5 40.00000000000001
U2M 2 4.38860553255273 4.388605532552734 40.00000000000001 7.755684626330685e-15
U2E 2 5.978259105865521 5.978259105865513 40.00000000000001 1.230696119285481e-14

I 3  Cv 5.978259105865521 6.582086006137948 5.713066584009241  Su 5 5.978259105865513 5 40.00000000000001
M1 1 6.280172556001735 6.280172556001723 40.00000000000001 1.913194867290181e-14
M1 2 6.582086006137948 6.582086006137948 40.00000000000001 0
6.280172556001735 40.00000000000001 SP 6.582086006137956 40.00000000000001
U1 2 6.582086006137956 7.588599744428075e-15 7 6.582086006137948 5 40.00000000000001
U2M 2 6.280172556001739 6.280172556001737 40.00000000000001 1.039586186976715e-14
U2E 2 6.582086006137956 6.582086006137948 40.00000000000001 1.069508444366134e-14

I 4  Cv 6.582086006137956 10.97949921655922 5.713066584009241  Su 7 6.582086006137948 5 40.00000000000001
M1 1 8.780792611348588 8.780792611348586 40.00000000000001 1.488858335662276e-14
7.681439308743272 40.00000000000001 SP 7.707801968683452 39.99999999999999
U1 1 7.707801968683452 4.181990706439917e-14 9 7.707801968683484 5 40.00000000000001
U2M 1 7.144943987410704 7.144943987410711 40.00000000000001 1.137423353269335e-14
U2E 1 7.707801968683452 7.707801968683484 40.00000000000001 4.605699701608107e-14

I 5  Cv 7.707801968683452 10.97949921655922 5.713066584009241  Su 9 7.707801968683484 5 40.00000000000001
M1 1 9.343650592621335 9.343650592621332 40.00000000000001 3.552713678800501e-15
M1 2 10.97949921655922 10.97949921655922 40.00000000000001 9.565974336450906e-15
9.343650592621335 40.00000000000001 SP 10.97949921655923 40.00000000000001
U1 2 10.97949921655923 7.32410687763558e-15 11 10.97949921655922 5 40.00000000000001
U2M 2 9.343650592621341 9.343650592621348 40.00000000000001 1.675811690670166e-14
U2E 2 10.97949921655923 10.97949921655922 40.00000000000001 7.32410687763558e-15

I 6  Cv 10.97949921655923 12.18636236352327 5.713066584009241  Su 11 10.97949921655922 5 40.00000000000001
M1 1 11.58293079004125 11.58293079004125 40.00000000000001 1.004859173557616e-14
M1 2 12.18636236352327 12.18636236352327 40.00000000000001 1.020439314654103e-14
11.58293079004125 40.00000000000001 SP 12.18636236352328 40.00000000000001
U1 2 12.18636236352328 1.137423353269335e-14 13 12.18636236352327 5 40.00000000000001
U2M 2 11.58293079004125 11.58293079004125 40.00000000000001 1.004859173557616e-14
U2E 2 12.18636236352328 12.18636236352327 40.00000000000001 1.137423353269335e-14

I 7  Cv 12.18636236352328 16.00741261045848 5.713066584009241  Su 13 12.18636236352327 5 40.00000000000001
M1 1 14.09688748699088 14.09688748699089 40.00000000000001 3.552713678800501e-15
M1 2 16.00741261045848 16.00741261045848 40.00000000000001 1.329303737937672e-14
14.09688748699088 40.00000000000001 SP 14.36823348456108 40.00000000000001
U1 2 14.36823348456108 1.432144669219779e-14 17 14.36823348456108 5 40.00000000000001
U2M 2 13.27729792404218 13.27729792404218 40.00000000000001 3.081863932567592e-14
U2E 2 14.36823348456108 14.36823348456108 40.00000000000001 7.944109290391274e-15

I 8  Cv 14.36823348456108 16.00741261045848 5.713066584009241  Su 15 14.36823348456108 5 40.00000000000001
M1 1 15.18782304750978 15.18782304750978 40.00000000000001 1.137423353269335e-14
M1 2 16.00741261045848 16.00741261045848 40.00000000000001 1.329303737937672e-14
15.18782304750978 40.00000000000001 SP 16.00741261045847 40.00000000000001
U1 2 16.00741261045847 8.140289677804162e-15 17 16.00741261045848 5 40.00000000000001
U2M 2 15.18782304750978 15.18782304750978 40.00000000000001 8.702335715267317e-15
U2E 2 16.00741261045847 16.00741261045848 40.00000000000001 8.140289677804162e-15

I 9  Cv 16.00741261045847 16.00741261045848 5.713066584009241  Su 17 16.00741261045848 5 40.00000000000001
M1 1 16.00741261045848 16.00741261045848 40.00000000000001 8.140289677804162e-15
M1 2 16.00741261045848 16.00741261045848 40.00000000000001 1.329303737937672e-14

I 10  Cv 16.00741261045848 17.83546080192891 5.713066584009241  Su 17 16.00741261045848 5 40.00000000000001
M1 1 16.9214367061937 16.92143670619371 40.00000000000001 7.105427357601002e-15
M1 2 17.83546080192891 17.83546080192891 40.00000000000001 1.628057935560832e-14
16.9214367061937 40.00000000000001 SP 17.8354608019289 40.00000000000001
U1 2 17.8354608019289 1.507288760336424e-14 19 17.83546080192891 5 40.00000000000001
U2M 2 16.92143670619369 16.9214367061937 40.00000000000001 1.507288760336424e-14
U2E 2 17.8354608019289 17.83546080192891 40.00000000000001 1.507288760336424e-14

I 11  Cv 17.8354608019289 17.83546080192891 5.713066584009241  Su 19 17.83546080192891 5 40.00000000000001
M1 1 17.83546080192891 17.83546080192891 40.00000000000001 1.598721155460225e-14
M1 2 17.83546080192891 17.83546080192891 40.00000000000001 1.628057935560832e-14

I 12  Cv 17.83546080192891 21.06441624333781 5.713066584009241  Su 19 17.83546080192891 5 40.00000000000001
M1 1 19.44993852263336 19.44993852263335 40.00000000000001 1.004859173557616e-14
M1 2 21.06441624333781 21.06441624333781 40.00000000000001 7.944109290391274e-15
19.44993852263336 40.00000000000001 SP 21.0168774222418 40.00000000000001
U1 2 21.0168774222418 1.329303737937672e-14 23 21.01687742224179 5 40.00000000000001
U2M 2 19.42616911208535 19.42616911208535 40.00000000000001 1.004859173557616e-14
U2E 2 21.0168774222418 21.01687742224179 40.00000000000001 1.329303737937672e-14

I 13  Cv 21.0168774222418 21.06441624333781 5.713066584009241  Su 21 21.01687742224179 5 40.00000000000001
M1 1 21.0406468327898 21.04064683278979 40.00000000000001 1.06581410364015e-14
M1 2 21.06441624333781 21.06441624333781 40.00000000000001 7.944109290391274e-15
21.0406468327898 40.00000000000001 SP 21.06441624333782 40.00000000000001
U1 2 21.06441624333782 1.628057935560832e-14 23 21.06441624333781 5 40.00000000000001
U2M 2 21.04064683278981 21.0406468327898 40.00000000000001 1.123466709944544e-14
U2E 2 21.06441624333782 21.06441624333781 40.00000000000001 7.944109290391274e-15

I 14  Cv 21.06441624333782 23.51524064185007 5.713066584009241  Su 23 21.06441624333781 5 40.00000000000001
M1 1 22.28982844259394 22.28982844259394 40.00000000000001 1.913194867290181e-14
M1 2 23.51524064185007 23.51524064185007 40.00000000000001 2.610700714580195e-14
22.28982844259394 40.00000000000001 SP 23.51524064185007 40
U1 2 23.51524064185007 2.383232787117382e-14 25 23.51524064185007 5 40.00000000000001
U2M 2 22.28982844259395 22.28982844259394 40.00000000000001 1.06581410364015e-14
U2E 2 23.51524064185007 23.51524064185007 40.00000000000001 2.658607475875344e-14

I 15  Cv 23.51524064185007 26.15021593037305 5.713066584009241  Su 25 23.51524064185007 5 40.00000000000001
M1 1 24.83272828611156 24.83272828611157 40.00000000000001 1.588821858078255e-14
M1 2 26.15021593037305 26.15021593037305 40.00000000000001 7.944109290391274e-15
24.83272828611156 40.00000000000001 SP 26.15021593037304 40
U1 2 26.15021593037304 7.105427357601002e-15 27 26.15021593037305 5 40.00000000000001
U2M 2 24.83272828611156 24.83272828611156 40.00000000000001 7.944109290391274e-15
U2E 2 26.15021593037304 26.15021593037305 40.00000000000001 8.702335715267317e-15

I 16  Cv 26.15021593037304 26.15021593037305 5.713066584009241  Su 27 26.15021593037305 5 40.00000000000001
M1 1 26.15021593037305 26.15021593037305 40.00000000000001 1.06581410364015e-14
M1 2 26.15021593037305 26.15021593037305 40.00000000000001 7.944109290391274e-15

I 17  Cv 26.15021593037305 29.2268469546834 5.713066584009241  Su 27 26.15021593037305 5 40.00000000000001
M1 1 27.68853144252822 27.68942046672772 40.00000000000001 0.001024635586731069

istat = 0  Curve and surface are not coinciding.
