
File : crv3.g2 Parameter range: 1.562456307241632 1.565910255178346  Start: 1.565910255178346  Stop: 1.564296700092259
File : srf3.g2 Parameter range u: 0.856636366369242 0.8580521712985885  Start: 0.856636366369242  Stop: 0.8580521712985885
File : srf3.g2 Parameter range v: 0.998046875 1  Start: 1  Stop: 0.9990010074806768
 REL_PAR_RES=1e-10

I 1  Cv 1.565910255178346 1.562456307241632 -0.000161355508608696  Su 3 0.856636366369242 3 1
M1 1 1.565829577424042 0.8567071420145318 0.9999500513092801 1.158519507085404e-09
M1 2 1.565748899669737 0.8567779191946057 0.9999001025127335 4.633813416894436e-09

I 2  Cv 1.565748899669737 1.562456307241632 -0.000161355508608696  Su 3 0.8567779191946057 3 0.9999001025127335
M1 1 1.565668221915433 0.8568486979096613 0.9998501536117734 1.042548221843124e-08
M1 2 1.565587544161129 0.8569194781599161 0.9998002046075881 1.853312032736931e-08

I 3  Cv 1.565587544161129 1.562456307241632 -0.000161355508608696  Su 3 0.8569194781599161 3 0.9998002046075881
M1 1 1.565506866406824 0.8569902599453626 0.999750255501079 2.895632575775894e-08
M1 2 1.56542618865252 0.8570610432660324 0.9997003062933643 4.169470125640184e-08

I 4  Cv 1.56542618865252 1.562456307241632 -0.000161355508608696  Su 3 0.8570610432660324 3 0.9997003062933643
M1 1 1.565345510898216 0.8571318281221193 0.9996503569856525 5.674784330127849e-08
M1 2 1.565264833143911 0.8572026145135192 0.9996004075787088 7.411535034567331e-08

I 5  Cv 1.565264833143911 1.562456307241632 -0.000161355508608696  Su 3 0.8572026145135192 3 0.9996004075787088
M1 1 1.565184155389607 0.8572734024405068 0.9995504580739262 9.379681550029431e-08
M1 2 1.565103477635303 0.8573441919029717 0.9995005084721723 1.157918455250336e-07

I 6  Cv 1.565103477635303 1.562456307241632 -0.000161355508608696  Su 3 0.8573441919029717 3 0.9995005084721723
M1 1 1.565022799880998 0.8574149829012133 0.9994505587746904 1.40100033933191e-07
M1 2 1.564942122126694 0.8574857754351159 0.9994006089824562 1.667209814902493e-07

I 7  Cv 1.564942122126694 1.562456307241632 -0.000161355508608696  Su 3 0.8574857754351159 3 0.9994006089824562
M1 1 1.56486144437239 0.8575565695048347 0.9993506590963814 1.956542806301683e-07
M1 2 1.564780766618086 0.8576273651104147 0.999300709117604 2.26899534333392e-07

I 8  Cv 1.564780766618086 1.562456307241632 -0.000161355508608696  Su 3 0.8576273651104147 3 0.999300709117604
M1 1 1.564700088863781 0.8576981622518852 0.9992507590472338 2.604563392774594e-07
M1 2 1.564619411109477 0.8577689609293756 0.9992008088862314 2.963242928051277e-07

I 9  Cv 1.564619411109477 1.562456307241632 -0.000161355508608696  Su 3 0.8577689609293756 3 0.9992008088862314
M1 1 1.564538733355173 0.8578397611430112 0.9991508586359834 3.345029920347009e-07
M1 2 1.564458055600868 0.8579105628928876 0.9991009082975354 3.749920310973782e-07

I 10  Cv 1.564458055600868 1.562456307241632 -0.000161355508608696  Su 3 0.8579105628928876 3 0.9991009082975354
M1 1 1.564377377846564 0.8579813661790353 0.9990509578717433 4.177910125395528e-07
M1 2 1.56429670009226 0.8580521712985885 0.9990010073597209 4.628996337871071e-07

I 11  Cv 1.56429670009226 1.562456307241632 -0.000161355508608696  Su 3 0.8580521712985885 3 0.9990010073597209
M1 1 1.564296700092259 0.8580521712985885 0.9990010073596268 4.628996327837216e-07
M1 2 1.564296700092259 0.8580521712985885 0.9990010073595861 4.628996328562747e-07

istat = 1  Curve and surface are coinciding.
