
File : crv2.g2 Parameter range: 0 2.614676417356446e-07  Start: 8.170862492430581e-09  Stop: 1.63417279354985e-08
File : srf2.g2 Parameter range u: 0 6.283185307179586  Start: 3.14159268335575  Stop: 3.141592653589793
File : srf2.g2 Parameter range v: 2.806449193216011e-08 5.612898386432023e-08  Start: 2.806449193216011e-08  Stop: 5.612898386432023e-08
 REL_PAR_RES=1e-10

I 1  Cv 8.170862492430581e-09 2.614676417356446e-07 8.170865443067915e-10  Su 6 3.14159268335575 4 2.806449193216011e-08
M1 1 8.579405764583976e-09 3.141592653589793 2.946772201698183e-08 9.375933816049089e-13
M1 2 8.987949036737372e-09 3.141592653589793 3.087094169982616e-08 2.278173318171838e-13

I 2  Cv 8.987949036737372e-09 2.614676417356446e-07 8.170865443067915e-10  Su 6 3.141592653589793 4 3.087094169982616e-08
M1 1 9.396492308890767e-09 3.141592653589793 3.227418192996828e-08 9.166827466555184e-13
M1 2 9.805035581044163e-09 3.141592653589793 3.367738212551758e-08 9.166001291305292e-13

I 3  Cv 9.805035581044163e-09 2.614676417356446e-07 8.170865443067915e-10  Su 6 3.141592653589793 4 3.367738212551758e-08
M1 1 1.021357885319756e-08 3.141592653589793 3.508062294330411e-08 1.139086659085919e-13
M1 2 1.062212212535095e-08 3.141592653589793 3.648382890650023e-08 5.084229945850415e-13

I 4  Cv 1.062212212535095e-08 2.614676417356446e-07 8.170865443067915e-10  Su 6 3.141592653589793 4 3.648382890650023e-08
M1 1 1.103066539750435e-08 3.141592653589793 3.788708121078733e-08 2.278173318171838e-13
M1 2 1.143920866965774e-08 3.141592653589793 3.929030236560201e-08 7.105427357601002e-15

I 5  Cv 1.143920866965774e-08 2.614676417356446e-07 8.170865443067915e-10  Su 6 3.141592653589793 4 3.929030236560201e-08
M1 1 1.184775194181114e-08 3.141592653589793 4.069351342451604e-08 4.548028586499771e-13
M1 2 1.225629521396453e-08 3.141592653589793 4.20967499656698e-08 1.145715735375823e-13

I 6  Cv 1.225629521396453e-08 2.614676417356446e-07 8.170865443067915e-10  Su 6 3.141592653589793 4 4.20967499656698e-08
M1 1 1.266483848611793e-08 3.141592653589793 4.349998712072468e-08 4.687966908024545e-13
M1 2 1.307338175827133e-08 3.141592653589793 4.490318863523484e-08 9.166001291305292e-13

I 7  Cv 1.307338175827133e-08 2.614676417356446e-07 8.170865443067915e-10  Su 6 3.141592653589793 4 4.490318863523484e-08
M1 1 1.348192503042472e-08 3.141592653589793 4.630641994683129e-08 4.687966908024545e-13
M1 2 1.389046830257812e-08 3.141592653589793 4.770964127952048e-08 9.165725883006586e-13

I 8  Cv 1.389046830257812e-08 2.614676417356446e-07 8.170865443067915e-10  Su 6 3.141592653589793 4 4.770964127952048e-08
M1 1 1.429901157473151e-08 3.141592653589793 4.911287289723207e-08 4.687428401686771e-13
M1 2 1.470755484688491e-08 3.141592653589793 5.051607917567925e-08 4.687428401686771e-13

I 9  Cv 1.470755484688491e-08 2.614676417356446e-07 8.170865443067915e-10  Su 6 3.141592653589793 4 5.051607917567925e-08
M1 1 1.51160981190383e-08 3.141592653589793 5.191931086409581e-08 5.084229945850415e-13
M1 2 1.55246413911917e-08 3.141592653589793 5.332254238139006e-08 7.105427357601002e-15

I 10  Cv 1.55246413911917e-08 2.614676417356446e-07 8.170865443067915e-10  Su 6 3.141592653589793 4 5.332254238139006e-08
M1 1 1.593318466334509e-08 3.141592653589793 5.472576971971477e-08 9.166001291305292e-13
M1 2 1.634172793549849e-08 3.141592653589793 5.612898386432023e-08 4.687966908024545e-13

I 11  Cv 1.634172793549849e-08 2.614676417356446e-07 8.170865443067915e-10  Su 6 3.141592653589793 4 5.612898386432023e-08
M1 1 1.634172793549849e-08 3.141592653589793 5.612898386432023e-08 4.687966908024545e-13
M1 2 1.63417279354985e-08 3.141592653589793 5.612898386432023e-08 7.105427357601002e-15

istat = 1  Curve and surface are coinciding.
