This is METAFONT, Version 2.718281 (TeX Live 2009/Debian) (base=mf 2011.3.3)  15 APR 2011 08:25
**sf_approx100.g2 sf_approx101.g2 sf_approx102.g2 sf_approx103.g2 sf_approx104.
g2 sf_approx105.g2 sf_approx106.g2 sf_approx107.g2 sf_approx108.g2 sf_approx10.
g2 sf_approx10_out.g2 sf_approx11_out.g2 sf_approx12.g2 sf_approx12_out.g2 sf_a
pprox13.g2 sf_approx14.g2 sf_approx15.g2 sf_approx16.g2 sf_approx17.g2 sf_appro
x18.g2 sf_approx19.g2 sf_approx20.g2 sf_approx21.g2 sf_approx22.g2 sf_approx23.
g2 sf_approx24.g2 sf_approx25.g2 sf_approx26.g2 sf_approx27.g2 sf_approx28.g2 s
f_approx29.g2 sf_approx30.g2 sf_approx31.g2 sf_approx32.g2 sf_approx33.g2 sf_ap
prox34.g2 sf_approx35.g2 sf_approx36.g2 sf_approx37.g2 sf_approx38.g2 sf_approx
39.g2 sf_approx40.g2 sf_approx41.g2 sf_approx42.g2 sf_approx43.g2 sf_approx44.g
2 sf_approx45.g2 sf_approx46.g2 sf_approx47.g2 sf_approx48.g2 sf_approx49.g2 sf
_approx4.g2 sf_approx4_out.g2 sf_approx50_out.g2 sf_approx51.g2 sf_approx51_out
.g2 sf_approx52.g2 sf_approx52_out.g2 sf_approx53.g2 sf_approx53_out.g2 sf_appr
ox54.g2 sf_approx54_out.g2 sf_approx55.g2 sf_approx56.g2 sf_approx57.g2 sf_appr
ox58.g2 sf_approx59.g2 sf_approx5.g2 sf_approx5_out.g2 sf_approx60.g2 sf_approx
61.g2 sf_approx62.g2 sf_approx63.g2 sf_approx64.g2 sf_approx65.g2 sf_approx66.g
2 sf_approx67.g2 sf_approx68.g2 sf_approx69.g2 sf_approx6.g2 sf_approx6_out.g2 
sf_approx70.g2 sf_approx71.g2 sf_approx72.g2 sf_approx73.g2 sf_approx74.g2 sf_a
pprox75.g2 sf_approx76.g2 sf_approx77.g2 sf_approx78.g2 sf_approx79.g2 sf_appro
x7.g2 sf_approx7_out.g2 sf_approx80.g2 sf_approx81.g2 sf_approx82.g2 sf_approx8
3.g2 sf_approx84.g2 sf_approx85.g2 sf_approx86.g2 sf_approx86_out.g2 sf_approx8
7.g2 sf_approx88.g2 sf_approx89.g2 sf_approx8.g2 sf_approx8_out.g2 sf_approx90.
g2 sf_approx91.g2 sf_approx92.g2 sf_approx93.g2 sf_approx94.g2 sf_approx95.g2 s
f_approx96.g2 sf_approx97.g2 sf_approx98.g2 sf_approx99.g2 sf_approx9.g2 sf_app
rox9_out.g2 sf_approx_out.g2 adapt_sf/.
(sf_approx100.g2
>> 200
! Isolated expression.
<to be read again> 
                   1
l.1 200 1
          0 0
? x

