
File : hub.g2 Parameter range u: 1 2 Parameter range v: 0 3
File : blade.g2 Parameter range u: 41.802 180.001 Parameter range v: 0 360

I 1  Cv 0 11.484 5.56498  Su 3 1  4 1
 niter = 1
I 1  Cv 160.026 160.053 1.24839  Su 3 1.83848  2 0.42015
 niter = 1
 IntersectionPoints : 0

 IntersectionCurves : 1
0 Guide points 19
0 0  -30.08100381809748 13.14798519754805 -16.86459516404118
0 1  -30.0715283830732 13.42901019715451 -16.64360917736273
0 2  -22.48931916677166 19.50585244995712 -11.26172205457282
0 3  -20.40359691472063 20.70995232329633 -9.573017401006549
0 4  -14.31207621311901 23.25225220007601 -4.125253320205593
0 5  -8.321586434079592 24.29166069281609 1.238325159526794
0 6  -7.708300024985561 24.32672130800497 1.771781062381683
0 7  6.756146874997436 22.34514775645555 12.77418395209051
0 8  17.75924791105697 20.07245658031176 17.16528330396683
0 9  17.74768304360475 21.81149183562719 14.8923082984117
0 10  6.756146832660308 25.72540760917409 -0.8296462947797947
0 11  -0.8341766154045489 23.8321178664805 -7.856747608707721
0 12  -7.601786449598538 21.13350840055421 -12.20147033144504
0 13  -7.708300124365298 21.08748906393691 -12.25753704062881
0 14  -14.31207623575154 18.21175827646098 -15.03387213564504
0 15  -20.01175783911273 15.93977389658466 -16.39902357049012
0 16  -20.40359690110797 15.79738506205828 -16.46169399402842
0 17  -28.25628923007383 13.32296602262237 -17.08904071907004
0 18  -30.08100381809748 13.14798519754805 -16.86459516404118

